-------------------------------------------------------------------------------
Test set: com.bbl.crud.UserControllerTest
-------------------------------------------------------------------------------
Tests run: 6, Failures: 0, Errors: 6, Skipped: 0, Time elapsed: 0.073 s <<< FAILURE! -- in com.bbl.crud.UserControllerTest
com.bbl.crud.UserControllerTest.testGetUserById_NotFound -- Time elapsed: 0.059 s <<< ERROR!
java.lang.NullPointerException: Cannot invoke "Object.getClass()" because "bean" is null
	at org.springframework.test.web.servlet.setup.StubWebApplicationContext.addBeans(StubWebApplicationContext.java:150)
	at org.springframework.test.web.servlet.setup.StandaloneMockMvcBuilder.registerMvcSingletons(StandaloneMockMvcBuilder.java:401)
	at org.springframework.test.web.servlet.setup.StandaloneMockMvcBuilder.initWebAppContext(StandaloneMockMvcBuilder.java:390)
	at org.springframework.test.web.servlet.setup.AbstractMockMvcBuilder.build(AbstractMockMvcBuilder.java:171)
	at com.bbl.crud.UserControllerTest.setUp(UserControllerTest.java:39)
	at java.base/java.lang.reflect.Method.invoke(Method.java:580)
	at java.base/java.util.ArrayList.forEach(ArrayList.java:1597)
	at java.base/java.util.ArrayList.forEach(ArrayList.java:1597)

com.bbl.crud.UserControllerTest.testGetAllUsers -- Time elapsed: 0.001 s <<< ERROR!
java.lang.NullPointerException: Cannot invoke "Object.getClass()" because "bean" is null
	at org.springframework.test.web.servlet.setup.StubWebApplicationContext.addBeans(StubWebApplicationContext.java:150)
	at org.springframework.test.web.servlet.setup.StandaloneMockMvcBuilder.registerMvcSingletons(StandaloneMockMvcBuilder.java:401)
	at org.springframework.test.web.servlet.setup.StandaloneMockMvcBuilder.initWebAppContext(StandaloneMockMvcBuilder.java:390)
	at org.springframework.test.web.servlet.setup.AbstractMockMvcBuilder.build(AbstractMockMvcBuilder.java:171)
	at com.bbl.crud.UserControllerTest.setUp(UserControllerTest.java:39)
	at java.base/java.lang.reflect.Method.invoke(Method.java:580)
	at java.base/java.util.ArrayList.forEach(ArrayList.java:1597)
	at java.base/java.util.ArrayList.forEach(ArrayList.java:1597)

com.bbl.crud.UserControllerTest.testUpdateUser -- Time elapsed: 0.001 s <<< ERROR!
java.lang.NullPointerException: Cannot invoke "Object.getClass()" because "bean" is null
	at org.springframework.test.web.servlet.setup.StubWebApplicationContext.addBeans(StubWebApplicationContext.java:150)
	at org.springframework.test.web.servlet.setup.StandaloneMockMvcBuilder.registerMvcSingletons(StandaloneMockMvcBuilder.java:401)
	at org.springframework.test.web.servlet.setup.StandaloneMockMvcBuilder.initWebAppContext(StandaloneMockMvcBuilder.java:390)
	at org.springframework.test.web.servlet.setup.AbstractMockMvcBuilder.build(AbstractMockMvcBuilder.java:171)
	at com.bbl.crud.UserControllerTest.setUp(UserControllerTest.java:39)
	at java.base/java.lang.reflect.Method.invoke(Method.java:580)
	at java.base/java.util.ArrayList.forEach(ArrayList.java:1597)
	at java.base/java.util.ArrayList.forEach(ArrayList.java:1597)

com.bbl.crud.UserControllerTest.testCreateUser -- Time elapsed: 0.001 s <<< ERROR!
java.lang.NullPointerException: Cannot invoke "Object.getClass()" because "bean" is null
	at org.springframework.test.web.servlet.setup.StubWebApplicationContext.addBeans(StubWebApplicationContext.java:150)
	at org.springframework.test.web.servlet.setup.StandaloneMockMvcBuilder.registerMvcSingletons(StandaloneMockMvcBuilder.java:401)
	at org.springframework.test.web.servlet.setup.StandaloneMockMvcBuilder.initWebAppContext(StandaloneMockMvcBuilder.java:390)
	at org.springframework.test.web.servlet.setup.AbstractMockMvcBuilder.build(AbstractMockMvcBuilder.java:171)
	at com.bbl.crud.UserControllerTest.setUp(UserControllerTest.java:39)
	at java.base/java.lang.reflect.Method.invoke(Method.java:580)
	at java.base/java.util.ArrayList.forEach(ArrayList.java:1597)
	at java.base/java.util.ArrayList.forEach(ArrayList.java:1597)

com.bbl.crud.UserControllerTest.testDeleteUser -- Time elapsed: 0.001 s <<< ERROR!
java.lang.NullPointerException: Cannot invoke "Object.getClass()" because "bean" is null
	at org.springframework.test.web.servlet.setup.StubWebApplicationContext.addBeans(StubWebApplicationContext.java:150)
	at org.springframework.test.web.servlet.setup.StandaloneMockMvcBuilder.registerMvcSingletons(StandaloneMockMvcBuilder.java:401)
	at org.springframework.test.web.servlet.setup.StandaloneMockMvcBuilder.initWebAppContext(StandaloneMockMvcBuilder.java:390)
	at org.springframework.test.web.servlet.setup.AbstractMockMvcBuilder.build(AbstractMockMvcBuilder.java:171)
	at com.bbl.crud.UserControllerTest.setUp(UserControllerTest.java:39)
	at java.base/java.lang.reflect.Method.invoke(Method.java:580)
	at java.base/java.util.ArrayList.forEach(ArrayList.java:1597)
	at java.base/java.util.ArrayList.forEach(ArrayList.java:1597)

com.bbl.crud.UserControllerTest.testGetUserById -- Time elapsed: 0.001 s <<< ERROR!
java.lang.NullPointerException: Cannot invoke "Object.getClass()" because "bean" is null
	at org.springframework.test.web.servlet.setup.StubWebApplicationContext.addBeans(StubWebApplicationContext.java:150)
	at org.springframework.test.web.servlet.setup.StandaloneMockMvcBuilder.registerMvcSingletons(StandaloneMockMvcBuilder.java:401)
	at org.springframework.test.web.servlet.setup.StandaloneMockMvcBuilder.initWebAppContext(StandaloneMockMvcBuilder.java:390)
	at org.springframework.test.web.servlet.setup.AbstractMockMvcBuilder.build(AbstractMockMvcBuilder.java:171)
	at com.bbl.crud.UserControllerTest.setUp(UserControllerTest.java:39)
	at java.base/java.lang.reflect.Method.invoke(Method.java:580)
	at java.base/java.util.ArrayList.forEach(ArrayList.java:1597)
	at java.base/java.util.ArrayList.forEach(ArrayList.java:1597)

